# JRE version: OpenJDK Runtime Environment (8.0_242-b01) (build 1.8.0_242-release-1644-b01)
# Java VM: OpenJDK 64-Bit Server VM (25.242-b01 mixed mode windows-amd64 compressed oops)
Heap:
 PSYoungGen      total 175104K, used 86105K [0x00000000d5580000, 0x00000000e2e00000, 0x0000000100000000)
  eden space 133632K, 53% used [0x00000000d5580000,0x00000000d9bc2cf0,0x00000000dd800000)
  from space 41472K, 34% used [0x00000000dd800000,0x00000000de5d3908,0x00000000e0080000)
  to   space 38912K, 0% used [0x00000000e0800000,0x00000000e0800000,0x00000000e2e00000)
 ParOldGen       total 133632K, used 47987K [0x0000000080000000, 0x0000000088280000, 0x00000000d5580000)
  object space 133632K, 35% used [0x0000000080000000,0x0000000082edce40,0x0000000088280000)
 Metaspace       used 83755K, capacity 87390K, committed 87576K, reserved 1126400K
  class space    used 10871K, capacity 11529K, committed 11568K, reserved 1048576K
GC Heap History (10 events):
Event: 85.994 GC heap before
{Heap before GC invocations=28 (full 3):
 PSYoungGen      total 158720K, used 152142K [0x00000000d5580000, 0x00000000e0b00000, 0x0000000100000000)
  eden space 134656K, 100% used [0x00000000d5580000,0x00000000dd900000,0x00000000dd900000)
  from space 24064K, 72% used [0x00000000df200000,0x00000000e0313a88,0x00000000e0980000)
  to   space 25600K, 0% used [0x00000000dd900000,0x00000000dd900000,0x00000000df200000)
 ParOldGen       total 76800K, used 46619K [0x0000000080000000, 0x0000000084b00000, 0x00000000d5580000)
  object space 76800K, 60% used [0x0000000080000000,0x0000000082d86c00,0x0000000084b00000)
 Metaspace       used 71379K, capacity 74566K, committed 74776K, reserved 1114112K
  class space    used 9641K, capacity 10268K, committed 10288K, reserved 1048576K
Event: 86.048 GC heap after
Heap after GC invocations=28 (full 3):
 PSYoungGen      total 160256K, used 25592K [0x00000000d5580000, 0x00000000e1e00000, 0x0000000100000000)
  eden space 134656K, 0% used [0x00000000d5580000,0x00000000d5580000,0x00000000dd900000)
  from space 25600K, 99% used [0x00000000dd900000,0x00000000df1fe258,0x00000000df200000)
  to   space 30208K, 0% used [0x00000000e0080000,0x00000000e0080000,0x00000000e1e00000)
 ParOldGen       total 76800K, used 46627K [0x0000000080000000, 0x0000000084b00000, 0x00000000d5580000)
  object space 76800K, 60% used [0x0000000080000000,0x0000000082d88c00,0x0000000084b00000)
 Metaspace       used 71379K, capacity 74566K, committed 74776K, reserved 1114112K
  class space    used 9641K, capacity 10268K, committed 10288K, reserved 1048576K
}
Event: 306.093 GC heap before
{Heap before GC invocations=29 (full 3):
 PSYoungGen      total 160256K, used 160248K [0x00000000d5580000, 0x00000000e1e00000, 0x0000000100000000)
  eden space 134656K, 100% used [0x00000000d5580000,0x00000000dd900000,0x00000000dd900000)
  from space 25600K, 99% used [0x00000000dd900000,0x00000000df1fe258,0x00000000df200000)
  to   space 30208K, 0% used [0x00000000e0080000,0x00000000e0080000,0x00000000e1e00000)
 ParOldGen       total 76800K, used 46627K [0x0000000080000000, 0x0000000084b00000, 0x00000000d5580000)
  object space 76800K, 60% used [0x0000000080000000,0x0000000082d88c00,0x0000000084b00000)
 Metaspace       used 76054K, capacity 79430K, committed 79512K, reserved 1118208K
  class space    used 9982K, capacity 10648K, committed 10672K, reserved 1048576K
Event: 306.737 GC heap after
Heap after GC invocations=29 (full 3):
 PSYoungGen      total 163840K, used 30185K [0x00000000d5580000, 0x00000000e3300000, 0x0000000100000000)
  eden space 133632K, 0% used [0x00000000d5580000,0x00000000d5580000,0x00000000dd800000)
  from space 30208K, 99% used [0x00000000e0080000,0x00000000e1dfa7d8,0x00000000e1e00000)
  to   space 41472K, 0% used [0x00000000dd800000,0x00000000dd800000,0x00000000e0080000)
 ParOldGen       total 76800K, used 63164K [0x0000000080000000, 0x0000000084b00000, 0x00000000d5580000)
  object space 76800K, 82% used [0x0000000080000000,0x0000000083daf008,0x0000000084b00000)
 Metaspace       used 76054K, capacity 79430K, committed 79512K, reserved 1118208K
  class space    used 9982K, capacity 10648K, committed 10672K, reserved 1048576K
}
Event: 306.738 GC heap before
{Heap before GC invocations=30 (full 4):
 PSYoungGen      total 163840K, used 30185K [0x00000000d5580000, 0x00000000e3300000, 0x0000000100000000)
  eden space 133632K, 0% used [0x00000000d5580000,0x00000000d5580000,0x00000000dd800000)
  from space 30208K, 99% used [0x00000000e0080000,0x00000000e1dfa7d8,0x00000000e1e00000)
  to   space 41472K, 0% used [0x00000000dd800000,0x00000000dd800000,0x00000000e0080000)
 ParOldGen       total 76800K, used 63164K [0x0000000080000000, 0x0000000084b00000, 0x00000000d5580000)
  object space 76800K, 82% used [0x0000000080000000,0x0000000083daf008,0x0000000084b00000)
 Metaspace       used 76054K, capacity 79430K, committed 79512K, reserved 1118208K
  class space    used 9982K, capacity 10648K, committed 10672K, reserved 1048576K
Event: 308.281 GC heap after
Heap after GC invocations=30 (full 4):
 PSYoungGen      total 163840K, used 0K [0x00000000d5580000, 0x00000000e3300000, 0x0000000100000000)
  eden space 133632K, 0% used [0x00000000d5580000,0x00000000d5580000,0x00000000dd800000)
  from space 30208K, 0% used [0x00000000e0080000,0x00000000e0080000,0x00000000e1e00000)
  to   space 41472K, 0% used [0x00000000dd800000,0x00000000dd800000,0x00000000e0080000)
 ParOldGen       total 76800K, used 65009K [0x0000000080000000, 0x0000000084b00000, 0x00000000d5580000)
  object space 76800K, 84% used [0x0000000080000000,0x0000000083f7c618,0x0000000084b00000)
 Metaspace       used 76028K, capacity 79364K, committed 79512K, reserved 1118208K
  class space    used 9974K, capacity 10633K, committed 10672K, reserved 1048576K
}
Event: 470.960 GC heap before
{Heap before GC invocations=31 (full 5):
 PSYoungGen      total 163840K, used 133632K [0x00000000d5580000, 0x00000000e3300000, 0x0000000100000000)
  eden space 133632K, 100% used [0x00000000d5580000,0x00000000dd800000,0x00000000dd800000)
  from space 30208K, 0% used [0x00000000e0080000,0x00000000e0080000,0x00000000e1e00000)
  to   space 41472K, 0% used [0x00000000dd800000,0x00000000dd800000,0x00000000e0080000)
 ParOldGen       total 76800K, used 65009K [0x0000000080000000, 0x0000000084b00000, 0x00000000d5580000)
  object space 76800K, 84% used [0x0000000080000000,0x0000000083f7c618,0x0000000084b00000)
 Metaspace       used 77227K, capacity 80584K, committed 80920K, reserved 1120256K
  class space    used 10070K, capacity 10703K, committed 10800K, reserved 1048576K
Event: 471.671 GC heap after
Heap after GC invocations=31 (full 5):
 PSYoungGen      total 163840K, used 0K [0x00000000d5580000, 0x00000000e3300000, 0x0000000100000000)
  eden space 133632K, 0% used [0x00000000d5580000,0x00000000d5580000,0x00000000dd800000)
  from space 30208K, 0% used [0x00000000e0080000,0x00000000e0080000,0x00000000e1e00000)
  to   space 41472K, 0% used [0x00000000dd800000,0x00000000dd800000,0x00000000e0080000)
 ParOldGen       total 133632K, used 47979K [0x0000000080000000, 0x0000000088280000, 0x00000000d5580000)
  object space 133632K, 35% used [0x0000000080000000,0x0000000082edae40,0x0000000088280000)
 Metaspace       used 77227K, capacity 80584K, committed 80920K, reserved 1120256K
  class space    used 10070K, capacity 10703K, committed 10800K, reserved 1048576K
}
Event: 484.262 GC heap before
{Heap before GC invocations=32 (full 5):
 PSYoungGen      total 163840K, used 133632K [0x00000000d5580000, 0x00000000e3300000, 0x0000000100000000)
  eden space 133632K, 100% used [0x00000000d5580000,0x00000000dd800000,0x00000000dd800000)
  from space 30208K, 0% used [0x00000000e0080000,0x00000000e0080000,0x00000000e1e00000)
  to   space 41472K, 0% used [0x00000000dd800000,0x00000000dd800000,0x00000000e0080000)
 ParOldGen       total 133632K, used 47979K [0x0000000080000000, 0x0000000088280000, 0x00000000d5580000)
  object space 133632K, 35% used [0x0000000080000000,0x0000000082edae40,0x0000000088280000)
 Metaspace       used 83712K, capacity 87320K, committed 87576K, reserved 1126400K
  class space    used 10865K, capacity 11528K, committed 11568K, reserved 1048576K
Event: 484.407 GC heap after
Heap after GC invocations=32 (full 5):
 PSYoungGen      total 175104K, used 14158K [0x00000000d5580000, 0x00000000e2e00000, 0x0000000100000000)
  eden space 133632K, 0% used [0x00000000d5580000,0x00000000d5580000,0x00000000dd800000)
  from space 41472K, 34% used [0x00000000dd800000,0x00000000de5d3908,0x00000000e0080000)
  to   space 38912K, 0% used [0x00000000e0800000,0x00000000e0800000,0x00000000e2e00000)
 ParOldGen       total 133632K, used 47987K [0x0000000080000000, 0x0000000088280000, 0x00000000d5580000)
  object space 133632K, 35% used [0x0000000080000000,0x0000000082edce40,0x0000000088280000)
 Metaspace       used 83712K, capacity 87320K, committed 87576K, reserved 1126400K
  class space    used 10865K, capacity 11528K, committed 11568K, reserved 1048576K
}

