# JRE version: OpenJDK Runtime Environment (8.0_242-b01) (build 1.8.0_242-release-1644-b01)
# Java VM: OpenJDK 64-Bit Server VM (25.242-b01 mixed mode windows-amd64 compressed oops)
Heap:
 PSYoungGen      total 69632K, used 33037K [0x00000000d5580000, 0x00000000dae80000, 0x0000000100000000)
  eden space 53248K, 31% used [0x00000000d5580000,0x00000000d65ca678,0x00000000d8980000)
  from space 16384K, 99% used [0x00000000d9e80000,0x00000000dae79140,0x00000000dae80000)
  to   space 13312K, 0% used [0x00000000d8980000,0x00000000d8980000,0x00000000d9680000)
 ParOldGen       total 81920K, used 44550K [0x0000000080000000, 0x0000000085000000, 0x00000000d5580000)
  object space 81920K, 54% used [0x0000000080000000,0x0000000082b818d0,0x0000000085000000)
 Metaspace       used 67602K, capacity 70520K, committed 70808K, reserved 1110016K
  class space    used 9222K, capacity 9809K, committed 9904K, reserved 1048576K
GC Heap History (10 events):
Event: 75.193 GC heap before
{Heap before GC invocations=33 (full 3):
 PSYoungGen      total 61440K, used 8840K [0x00000000d5580000, 0x00000000da000000, 0x0000000100000000)
  eden space 47104K, 0% used [0x00000000d5580000,0x00000000d5580000,0x00000000d8380000)
  from space 14336K, 61% used [0x00000000d9180000,0x00000000d9a22398,0x00000000d9f80000)
  to   space 14336K, 0% used [0x00000000d8380000,0x00000000d8380000,0x00000000d9180000)
 ParOldGen       total 51712K, used 24936K [0x0000000080000000, 0x0000000083280000, 0x00000000d5580000)
  object space 51712K, 48% used [0x0000000080000000,0x000000008185a158,0x0000000083280000)
 Metaspace       used 56655K, capacity 59004K, committed 59160K, reserved 1099776K
  class space    used 7762K, capacity 8235K, committed 8240K, reserved 1048576K
Event: 75.806 GC heap after
Heap after GC invocations=33 (full 3):
 PSYoungGen      total 61440K, used 0K [0x00000000d5580000, 0x00000000da000000, 0x0000000100000000)
  eden space 47104K, 0% used [0x00000000d5580000,0x00000000d5580000,0x00000000d8380000)
  from space 14336K, 0% used [0x00000000d9180000,0x00000000d9180000,0x00000000d9f80000)
  to   space 14336K, 0% used [0x00000000d8380000,0x00000000d8380000,0x00000000d9180000)
 ParOldGen       total 81920K, used 30434K [0x0000000080000000, 0x0000000085000000, 0x00000000d5580000)
  object space 81920K, 37% used [0x0000000080000000,0x0000000081db89f0,0x0000000085000000)
 Metaspace       used 56641K, capacity 58956K, committed 59160K, reserved 1099776K
  class space    used 7757K, capacity 8227K, committed 8240K, reserved 1048576K
}
Event: 78.788 GC heap before
{Heap before GC invocations=34 (full 3):
 PSYoungGen      total 61440K, used 47104K [0x00000000d5580000, 0x00000000da000000, 0x0000000100000000)
  eden space 47104K, 100% used [0x00000000d5580000,0x00000000d8380000,0x00000000d8380000)
  from space 14336K, 0% used [0x00000000d9180000,0x00000000d9180000,0x00000000d9f80000)
  to   space 14336K, 0% used [0x00000000d8380000,0x00000000d8380000,0x00000000d9180000)
 ParOldGen       total 81920K, used 30434K [0x0000000080000000, 0x0000000085000000, 0x00000000d5580000)
  object space 81920K, 37% used [0x0000000080000000,0x0000000081db89f0,0x0000000085000000)
 Metaspace       used 60075K, capacity 62484K, committed 62616K, reserved 1103872K
  class space    used 8319K, capacity 8815K, committed 8880K, reserved 1048576K
Event: 78.808 GC heap after
Heap after GC invocations=34 (full 3):
 PSYoungGen      total 61440K, used 5187K [0x00000000d5580000, 0x00000000da500000, 0x0000000100000000)
  eden space 47104K, 0% used [0x00000000d5580000,0x00000000d5580000,0x00000000d8380000)
  from space 14336K, 36% used [0x00000000d8380000,0x00000000d8890d20,0x00000000d9180000)
  to   space 13824K, 0% used [0x00000000d9780000,0x00000000d9780000,0x00000000da500000)
 ParOldGen       total 81920K, used 30442K [0x0000000080000000, 0x0000000085000000, 0x00000000d5580000)
  object space 81920K, 37% used [0x0000000080000000,0x0000000081dba9f0,0x0000000085000000)
 Metaspace       used 60075K, capacity 62484K, committed 62616K, reserved 1103872K
  class space    used 8319K, capacity 8815K, committed 8880K, reserved 1048576K
}
Event: 84.522 GC heap before
{Heap before GC invocations=35 (full 3):
 PSYoungGen      total 61440K, used 52288K [0x00000000d5580000, 0x00000000da500000, 0x0000000100000000)
  eden space 47104K, 99% used [0x00000000d5580000,0x00000000d837f4e0,0x00000000d8380000)
  from space 14336K, 36% used [0x00000000d8380000,0x00000000d8890d20,0x00000000d9180000)
  to   space 13824K, 0% used [0x00000000d9780000,0x00000000d9780000,0x00000000da500000)
 ParOldGen       total 81920K, used 30442K [0x0000000080000000, 0x0000000085000000, 0x00000000d5580000)
  object space 81920K, 37% used [0x0000000080000000,0x0000000081dba9f0,0x0000000085000000)
 Metaspace       used 62710K, capacity 65366K, committed 65560K, reserved 1105920K
  class space    used 8705K, capacity 9218K, committed 9264K, reserved 1048576K
Event: 84.547 GC heap after
Heap after GC invocations=35 (full 3):
 PSYoungGen      total 65536K, used 7354K [0x00000000d5580000, 0x00000000da380000, 0x0000000100000000)
  eden space 53248K, 0% used [0x00000000d5580000,0x00000000d5580000,0x00000000d8980000)
  from space 12288K, 59% used [0x00000000d9780000,0x00000000d9eaebf8,0x00000000da380000)
  to   space 13312K, 0% used [0x00000000d8980000,0x00000000d8980000,0x00000000d9680000)
 ParOldGen       total 81920K, used 30450K [0x0000000080000000, 0x0000000085000000, 0x00000000d5580000)
  object space 81920K, 37% used [0x0000000080000000,0x0000000081dbc9f0,0x0000000085000000)
 Metaspace       used 62710K, capacity 65366K, committed 65560K, reserved 1105920K
  class space    used 8705K, capacity 9218K, committed 9264K, reserved 1048576K
}
Event: 89.903 GC heap before
{Heap before GC invocations=36 (full 3):
 PSYoungGen      total 65536K, used 60602K [0x00000000d5580000, 0x00000000da380000, 0x0000000100000000)
  eden space 53248K, 100% used [0x00000000d5580000,0x00000000d8980000,0x00000000d8980000)
  from space 12288K, 59% used [0x00000000d9780000,0x00000000d9eaebf8,0x00000000da380000)
  to   space 13312K, 0% used [0x00000000d8980000,0x00000000d8980000,0x00000000d9680000)
 ParOldGen       total 81920K, used 30450K [0x0000000080000000, 0x0000000085000000, 0x00000000d5580000)
  object space 81920K, 37% used [0x0000000080000000,0x0000000081dbc9f0,0x0000000085000000)
 Metaspace       used 63832K, capacity 66712K, committed 66840K, reserved 1105920K
  class space    used 8819K, capacity 9401K, committed 9520K, reserved 1048576K
Event: 89.937 GC heap after
Heap after GC invocations=36 (full 3):
 PSYoungGen      total 66560K, used 13293K [0x00000000d5580000, 0x00000000dae80000, 0x0000000100000000)
  eden space 53248K, 0% used [0x00000000d5580000,0x00000000d5580000,0x00000000d8980000)
  from space 13312K, 99% used [0x00000000d8980000,0x00000000d967b4e0,0x00000000d9680000)
  to   space 16384K, 0% used [0x00000000d9e80000,0x00000000d9e80000,0x00000000dae80000)
 ParOldGen       total 81920K, used 32940K [0x0000000080000000, 0x0000000085000000, 0x00000000d5580000)
  object space 81920K, 40% used [0x0000000080000000,0x000000008202b2c8,0x0000000085000000)
 Metaspace       used 63832K, capacity 66712K, committed 66840K, reserved 1105920K
  class space    used 8819K, capacity 9401K, committed 9520K, reserved 1048576K
}
Event: 93.929 GC heap before
{Heap before GC invocations=37 (full 3):
 PSYoungGen      total 66560K, used 64609K [0x00000000d5580000, 0x00000000dae80000, 0x0000000100000000)
  eden space 53248K, 96% used [0x00000000d5580000,0x00000000d879cf70,0x00000000d8980000)
  from space 13312K, 99% used [0x00000000d8980000,0x00000000d967b4e0,0x00000000d9680000)
  to   space 16384K, 0% used [0x00000000d9e80000,0x00000000d9e80000,0x00000000dae80000)
 ParOldGen       total 81920K, used 32940K [0x0000000080000000, 0x0000000085000000, 0x00000000d5580000)
  object space 81920K, 40% used [0x0000000080000000,0x000000008202b2c8,0x0000000085000000)
 Metaspace       used 67297K, capacity 70264K, committed 70424K, reserved 1110016K
  class space    used 9183K, capacity 9761K, committed 9776K, reserved 1048576K
Event: 94.016 GC heap after
Heap after GC invocations=37 (full 3):
 PSYoungGen      total 69632K, used 16356K [0x00000000d5580000, 0x00000000dae80000, 0x0000000100000000)
  eden space 53248K, 0% used [0x00000000d5580000,0x00000000d5580000,0x00000000d8980000)
  from space 16384K, 99% used [0x00000000d9e80000,0x00000000dae79140,0x00000000dae80000)
  to   space 13312K, 0% used [0x00000000d8980000,0x00000000d8980000,0x00000000d9680000)
 ParOldGen       total 81920K, used 44550K [0x0000000080000000, 0x0000000085000000, 0x00000000d5580000)
  object space 81920K, 54% used [0x0000000080000000,0x0000000082b818d0,0x0000000085000000)
 Metaspace       used 67297K, capacity 70264K, committed 70424K, reserved 1110016K
  class space    used 9183K, capacity 9761K, committed 9776K, reserved 1048576K
}

